  stdafx.cpp
  Sem02.cpp
Sem02.cpp(38): error C4996: 'fopen': This function or variable may be unsafe. Consider using fopen_s instead. To disable deprecation, use _CRT_SECURE_NO_WARNINGS. See online help for details.
  C:\Program Files (x86)\Windows Kits\10\Include\10.0.16299.0\ucrt\stdio.h(207): note:  см. объявление "fopen"
Sem02.cpp(39): error C4996: 'fscanf': This function or variable may be unsafe. Consider using fscanf_s instead. To disable deprecation, use _CRT_SECURE_NO_WARNINGS. See online help for details.
  C:\Program Files (x86)\Windows Kits\10\Include\10.0.16299.0\ucrt\stdio.h(1195): note:  см. объявление "fscanf"
Sem02.cpp(40): error C4996: 'fscanf': This function or variable may be unsafe. Consider using fscanf_s instead. To disable deprecation, use _CRT_SECURE_NO_WARNINGS. See online help for details.
  C:\Program Files (x86)\Windows Kits\10\Include\10.0.16299.0\ucrt\stdio.h(1195): note:  см. объявление "fscanf"
Sem02.cpp(41): error C4996: 'fscanf': This function or variable may be unsafe. Consider using fscanf_s instead. To disable deprecation, use _CRT_SECURE_NO_WARNINGS. See online help for details.
  C:\Program Files (x86)\Windows Kits\10\Include\10.0.16299.0\ucrt\stdio.h(1195): note:  см. объявление "fscanf"
Sem02.cpp(42): error C4996: 'fscanf': This function or variable may be unsafe. Consider using fscanf_s instead. To disable deprecation, use _CRT_SECURE_NO_WARNINGS. See online help for details.
  C:\Program Files (x86)\Windows Kits\10\Include\10.0.16299.0\ucrt\stdio.h(1195): note:  см. объявление "fscanf"
Sem02.cpp(43): error C4996: 'fscanf': This function or variable may be unsafe. Consider using fscanf_s instead. To disable deprecation, use _CRT_SECURE_NO_WARNINGS. See online help for details.
  C:\Program Files (x86)\Windows Kits\10\Include\10.0.16299.0\ucrt\stdio.h(1195): note:  см. объявление "fscanf"
Sem02.cpp(44): error C4996: 'fscanf': This function or variable may be unsafe. Consider using fscanf_s instead. To disable deprecation, use _CRT_SECURE_NO_WARNINGS. See online help for details.
  C:\Program Files (x86)\Windows Kits\10\Include\10.0.16299.0\ucrt\stdio.h(1195): note:  см. объявление "fscanf"
Sem02.cpp(45): error C4996: 'fscanf': This function or variable may be unsafe. Consider using fscanf_s instead. To disable deprecation, use _CRT_SECURE_NO_WARNINGS. See online help for details.
  C:\Program Files (x86)\Windows Kits\10\Include\10.0.16299.0\ucrt\stdio.h(1195): note:  см. объявление "fscanf"
Sem02.cpp(46): error C4996: 'fscanf': This function or variable may be unsafe. Consider using fscanf_s instead. To disable deprecation, use _CRT_SECURE_NO_WARNINGS. See online help for details.
  C:\Program Files (x86)\Windows Kits\10\Include\10.0.16299.0\ucrt\stdio.h(1195): note:  см. объявление "fscanf"
Sem02.cpp(99): error C4996: 'fopen': This function or variable may be unsafe. Consider using fopen_s instead. To disable deprecation, use _CRT_SECURE_NO_WARNINGS. See online help for details.
  C:\Program Files (x86)\Windows Kits\10\Include\10.0.16299.0\ucrt\stdio.h(207): note:  см. объявление "fopen"
