  Sem08.cpp
c:\users\dulce\source\repos\sem08\sem08\sem08.cpp(12): error C2143: синтаксическая ошибка: отсутствие ";" перед "&"
c:\users\dulce\source\repos\sem08\sem08\sem08.cpp(12): error C4430: отсутствует спецификатор типа - предполагается int. Примечание. C++ не поддерживает int по умолчанию
c:\users\dulce\source\repos\sem08\sem08\sem08.cpp(12): error C2065: s: необъявленный идентификатор
c:\users\dulce\source\repos\sem08\sem08\sem08.cpp(12): error C2059: синтаксическая ошибка: const
c:\users\dulce\source\repos\sem08\sem08\sem08.cpp(13): error C2143: синтаксическая ошибка: отсутствие ";" перед "{"
c:\users\dulce\source\repos\sem08\sem08\sem08.cpp(13): error C2447: {: отсутствует заголовок функции (возможно, используется формальный список старого типа)
c:\users\dulce\source\repos\sem08\sem08\sem08.cpp(18): error C2143: синтаксическая ошибка: отсутствие ";" перед "&"
c:\users\dulce\source\repos\sem08\sem08\sem08.cpp(18): error C4430: отсутствует спецификатор типа - предполагается int. Примечание. C++ не поддерживает int по умолчанию
c:\users\dulce\source\repos\sem08\sem08\sem08.cpp(18): error C2065: s: необъявленный идентификатор
c:\users\dulce\source\repos\sem08\sem08\sem08.cpp(18): error C2065: c: необъявленный идентификатор
c:\users\dulce\source\repos\sem08\sem08\sem08.cpp(18): error C2275: Complex: недопустимое использование этого типа в качестве выражения
  c:\users\dulce\source\repos\sem08\sem08\sem08.cpp(9): note:  см. объявление "Complex"
c:\users\dulce\source\repos\sem08\sem08\sem08.cpp(18): error C2473: operator >>: выглядит как определение функции, но без списка параметров.
c:\users\dulce\source\repos\sem08\sem08\sem08.cpp(19): error C2448: >>: вероятно, инициализатор, использующий стиль функции, является определением функции
c:\users\dulce\source\repos\sem08\sem08\sem08.cpp(55): error C2065: ifstream: необъявленный идентификатор
c:\users\dulce\source\repos\sem08\sem08\sem08.cpp(55): error C2146: синтаксическая ошибка: отсутствие ";" перед идентификатором "kot"
c:\users\dulce\source\repos\sem08\sem08\sem08.cpp(55): error C3861: kot: идентификатор не найден
c:\users\dulce\source\repos\sem08\sem08\sem08.cpp(56): error C2065: kot: необъявленный идентификатор
c:\users\dulce\source\repos\sem08\sem08\sem08.cpp(56): error C2228: выражение слева от ".is_open" должно представлять класс, структуру или объединение
  c:\users\dulce\source\repos\sem08\sem08\sem08.cpp(56): note: тип: unknown-type
c:\users\dulce\source\repos\sem08\sem08\sem08.cpp(57): error C2065: cout: необъявленный идентификатор
c:\users\dulce\source\repos\sem08\sem08\sem08.cpp(58): error C2065: kot: необъявленный идентификатор
c:\users\dulce\source\repos\sem08\sem08\sem08.cpp(59): error C2065: kot: необъявленный идентификатор
c:\users\dulce\source\repos\sem08\sem08\sem08.cpp(60): error C2065: kot: необъявленный идентификатор
c:\users\dulce\source\repos\sem08\sem08\sem08.cpp(60): error C2228: выражение слева от ".close" должно представлять класс, структуру или объединение
  c:\users\dulce\source\repos\sem08\sem08\sem08.cpp(60): note: тип: unknown-type
c:\users\dulce\source\repos\sem08\sem08\sem08.cpp(67): error C2065: ofstream: необъявленный идентификатор
c:\users\dulce\source\repos\sem08\sem08\sem08.cpp(67): error C2146: синтаксическая ошибка: отсутствие ";" перед идентификатором "put"
c:\users\dulce\source\repos\sem08\sem08\sem08.cpp(67): error C3861: put: идентификатор не найден
c:\users\dulce\source\repos\sem08\sem08\sem08.cpp(68): error C2065: put: необъявленный идентификатор
c:\users\dulce\source\repos\sem08\sem08\sem08.cpp(68): error C2065: endl: необъявленный идентификатор
c:\users\dulce\source\repos\sem08\sem08\sem08.cpp(69): error C2065: put: необъявленный идентификатор
c:\users\dulce\source\repos\sem08\sem08\sem08.cpp(69): error C2065: endl: необъявленный идентификатор
c:\users\dulce\source\repos\sem08\sem08\sem08.cpp(70): error C2065: put: необъявленный идентификатор
c:\users\dulce\source\repos\sem08\sem08\sem08.cpp(70): error C2065: endl: необъявленный идентификатор
c:\users\dulce\source\repos\sem08\sem08\sem08.cpp(71): error C2065: put: необъявленный идентификатор
c:\users\dulce\source\repos\sem08\sem08\sem08.cpp(72): error C2065: put: необъявленный идентификатор
c:\users\dulce\source\repos\sem08\sem08\sem08.cpp(72): error C2228: выражение слева от ".close" должно представлять класс, структуру или объединение
  c:\users\dulce\source\repos\sem08\sem08\sem08.cpp(72): note: тип: unknown-type
c:\users\dulce\source\repos\sem08\sem08\sem08.cpp(73): error C3861: system: идентификатор не найден
